z:\labs\oop\8_lab\8_lab\x64\debug\vc143.pdb
z:\labs\oop\8_lab\8_lab\x64\debug\vc143.idb
z:\labs\oop\8_lab\8_lab\x64\debug\property.obj
z:\labs\oop\8_lab\8_lab\x64\debug\owner.obj
z:\labs\oop\8_lab\8_lab\x64\debug\countryhouse.obj
z:\labs\oop\8_lab\8_lab\x64\debug\car.obj
z:\labs\oop\8_lab\8_lab\x64\debug\apartment.obj
z:\labs\oop\8_lab\8_lab\x64\debug\8_lab.obj
z:\labs\oop\8_lab\x64\debug\8_lab.exe
z:\labs\oop\8_lab\x64\debug\8_lab.pdb
z:\labs\oop\8_lab\8_lab\x64\debug\8_lab.ilk
z:\labs\oop\8_lab\8_lab\x64\debug\8_lab.obj.enc
z:\labs\oop\8_lab\8_lab\x64\debug\owner.obj.enc
z:\labs\oop\8_lab\8_lab\x64\debug\8_lab.tlog\cl.command.1.tlog
z:\labs\oop\8_lab\8_lab\x64\debug\8_lab.tlog\cl.items.tlog
z:\labs\oop\8_lab\8_lab\x64\debug\8_lab.tlog\cl.read.1.tlog
z:\labs\oop\8_lab\8_lab\x64\debug\8_lab.tlog\cl.write.1.tlog
z:\labs\oop\8_lab\8_lab\x64\debug\8_lab.tlog\link.command.1.tlog
z:\labs\oop\8_lab\8_lab\x64\debug\8_lab.tlog\link.read.1.tlog
z:\labs\oop\8_lab\8_lab\x64\debug\8_lab.tlog\link.secondary.1.tlog
z:\labs\oop\8_lab\8_lab\x64\debug\8_lab.tlog\link.write.1.tlog
